[debug] [2022-10-26T17:28:50.864Z] ----------------------------------------------------------------------
[debug] [2022-10-26T17:28:50.866Z] Command:       C:\Program Files\nodejs\node.exe C:\Users\USER\AppData\Roaming\npm\node_modules\firebase-tools\lib\bin\firebase.js init
[debug] [2022-10-26T17:28:50.867Z] CLI Version:   11.14.4
[debug] [2022-10-26T17:28:50.867Z] Platform:      win32
[debug] [2022-10-26T17:28:50.867Z] Node Version:  v16.16.0
[debug] [2022-10-26T17:28:50.874Z] Time:          Wed Oct 26 2022 23:28:50 GMT+0600 (Bangladesh Standard Time)
[debug] [2022-10-26T17:28:50.874Z] ----------------------------------------------------------------------
[debug] 
[debug] [2022-10-26T17:28:50.878Z] >>> [apiv2][query] GET https://firebase-public.firebaseio.com/cli.json [none]
[debug] [2022-10-26T17:28:50.902Z] > command requires scopes: ["email","openid","https://www.googleapis.com/auth/cloudplatformprojects.readonly","https://www.googleapis.com/auth/firebase","https://www.googleapis.com/auth/cloud-platform"]
[debug] [2022-10-26T17:28:50.903Z] > authorizing via signed-in user (mdarifkhan8578@gmail.com)
[info] 
     ######## #### ########  ######## ########     ###     ######  ########
     ##        ##  ##     ## ##       ##     ##  ##   ##  ##       ##
     ######    ##  ########  ######   ########  #########  ######  ######
     ##        ##  ##    ##  ##       ##     ## ##     ##       ## ##
     ##       #### ##     ## ######## ########  ##     ##  ######  ########

You're about to initialize a Firebase project in this directory:

  G:\Active Coder\WEB DEVELOPMENT\React main file\Career-Plus\career-plus

[debug] [2022-10-26T17:28:51.954Z] <<< [apiv2][status] GET https://firebase-public.firebaseio.com/cli.json 200
[debug] [2022-10-26T17:28:51.956Z] <<< [apiv2][body] GET https://firebase-public.firebaseio.com/cli.json {"cloudBuildErrorAfter":1594252800000,"cloudBuildWarnAfter":1590019200000,"defaultNode10After":1594252800000,"minVersion":"3.0.5","node8DeploysDisabledAfter":1613390400000,"node8RuntimeDisabledAfter":1615809600000,"node8WarnAfter":1600128000000}
